<?xml version="1.0" encoding="UTF-8"?>
<beans xmlns="http://www.springframework.org/schema/beans" xmlns:util="http://www.springframework.org/schema/util"
    xmlns:xsi="http://www.w3.org/2001/XMLSchema-instance"
    xmlns:context="http://www.springframework.org/schema/context"
    xsi:schemaLocation="
        http://www.springframework.org/schema/beans https://www.springframework.org/schema/beans/spring-beans.xsd
        http://www.springframework.org/schema/util https://www.springframework.org/schema/util/spring-util.xsd
        http://www.springframework.org/schema/context
        http://www.springframework.org/schema/context/spring-context.xsd">

    <context:annotation-config />

    <bean class="org.vividus.steps.SpringStepFactoryBeanPostProcessor" />

    <bean id="stepFactory" class="org.vividus.steps.SpringStepFactory">
        <constructor-arg index="0">
            <bean class="org.vividus.spring.ExtendedConfiguration" />
        </constructor-arg>
    </bean>

    <bean class="org.vividus.converter.FluentTrimmedEnumConverter" />

    <bean name="SORTING" class="org.vividus.transformer.SortingTableTransformer" />

    <bean class="org.vividus.log.LoggingStepMonitor" />

    <util:list id="stepBeanNames-CustomSuperSteps">
        <idref bean="SuperSteps" />
    </util:list>

    <util:list id="stepBeanNames-Default">
        <idref bean="DefaultSteps" />
    </util:list>

    <util:list id="stepBeanNames.ShouldNotAppearSteps">
        <idref bean="ShouldNotAppearSteps" />
    </util:list>

    <bean id="SuperSteps" class="org.vividus.steps.SpringStepFactoryIntegrationTests$SuperSteps" />
    <bean id="DefaultSteps" class="org.vividus.steps.SpringStepFactoryIntegrationTests$DefaultSteps" />
    <bean id="ShouldNotAppearSteps" class="org.vividus.steps.SpringStepFactoryIntegrationTests$ShouldNotAppearSteps" />

</beans>
